{"/Users/mryeziqing/Desktop/核盛/单元测试/demo/components/button/index.tsx": {"path":"/Users/mryeziqing/Desktop/核盛/单元测试/demo/components/button/index.tsx","statementMap":{"0":{"start":{"line":11,"column":14},"end":{"line":32,"column":1}},"1":{"start":{"line":12,"column":32},"end":{"line":12,"column":47}},"2":{"start":{"line":13,"column":18},"end":{"line":21,"column":3}},"3":{"start":{"line":14,"column":4},"end":{"line":14,"column":21}},"4":{"start":{"line":15,"column":4},"end":{"line":19,"column":5}},"5":{"start":{"line":16,"column":6},"end":{"line":16,"column":31}},"6":{"start":{"line":18,"column":6},"end":{"line":18,"column":66}},"7":{"start":{"line":20,"column":4},"end":{"line":20,"column":22}},"8":{"start":{"line":22,"column":19},"end":{"line":22,"column":40}},"9":{"start":{"line":23,"column":2},"end":{"line":29,"column":3}},"10":{"start":{"line":24,"column":4},"end":{"line":28,"column":5}},"11":{"start":{"line":31,"column":2},"end":{"line":31,"column":35}}},"fnMap":{"0":{"name":"(anonymous_0)","decl":{"start":{"line":11,"column":14},"end":{"line":11,"column":15}},"loc":{"start":{"line":11,"column":35},"end":{"line":32,"column":1}},"line":11},"1":{"name":"(anonymous_1)","decl":{"start":{"line":13,"column":18},"end":{"line":13,"column":19}},"loc":{"start":{"line":13,"column":74},"end":{"line":21,"column":3}},"line":13}},"branchMap":{"0":{"loc":{"start":{"line":23,"column":2},"end":{"line":29,"column":3}},"type":"if","locations":[{"start":{"line":23,"column":2},"end":{"line":29,"column":3}},{"start":{},"end":{}}],"line":23}},"s":{"0":1,"1":6,"2":6,"3":1,"4":1,"5":1,"6":0,"7":1,"8":6,"9":6,"10":3,"11":6},"f":{"0":6,"1":1},"b":{"0":[3,3]},"_coverageSchema":"1a1c01bbd47fc00a2c39e90264f33305004495a9","hash":"12e2ff0825fafdc25d5f04f4ebbc9968ba678ef9"}
,"/Users/mryeziqing/Desktop/核盛/单元测试/demo/components/text/index.tsx": {"path":"/Users/mryeziqing/Desktop/核盛/单元测试/demo/components/text/index.tsx","statementMap":{"0":{"start":{"line":9,"column":34},"end":{"line":24,"column":1}},"1":{"start":{"line":10,"column":35},"end":{"line":10,"column":40}},"2":{"start":{"line":11,"column":4},"end":{"line":13,"column":5}},"3":{"start":{"line":12,"column":8},"end":{"line":12,"column":19}},"4":{"start":{"line":14,"column":18},"end":{"line":14,"column":36}},"5":{"start":{"line":15,"column":4},"end":{"line":22,"column":5}},"6":{"start":{"line":16,"column":21},"end":{"line":16,"column":46}},"7":{"start":{"line":17,"column":8},"end":{"line":21,"column":9}},"8":{"start":{"line":23,"column":4},"end":{"line":23,"column":31}}},"fnMap":{"0":{"name":"(anonymous_0)","decl":{"start":{"line":9,"column":34},"end":{"line":9,"column":35}},"loc":{"start":{"line":9,"column":43},"end":{"line":24,"column":1}},"line":9}},"branchMap":{"0":{"loc":{"start":{"line":10,"column":11},"end":{"line":10,"column":23}},"type":"default-arg","locations":[{"start":{"line":10,"column":21},"end":{"line":10,"column":23}}],"line":10},"1":{"loc":{"start":{"line":11,"column":4},"end":{"line":13,"column":5}},"type":"if","locations":[{"start":{"line":11,"column":4},"end":{"line":13,"column":5}},{"start":{},"end":{}}],"line":11},"2":{"loc":{"start":{"line":15,"column":4},"end":{"line":22,"column":5}},"type":"if","locations":[{"start":{"line":15,"column":4},"end":{"line":22,"column":5}},{"start":{},"end":{}}],"line":15}},"s":{"0":1,"1":1,"2":1,"3":0,"4":1,"5":1,"6":1,"7":1,"8":0},"f":{"0":1},"b":{"0":[0],"1":[0,1],"2":[1,0]},"_coverageSchema":"1a1c01bbd47fc00a2c39e90264f33305004495a9","hash":"d12f62cdb36b38389a44ba2aa362d3a7c34b879d"}
,"/Users/mryeziqing/Desktop/核盛/单元测试/demo/components/toggle/index.tsx": {"path":"/Users/mryeziqing/Desktop/核盛/单元测试/demo/components/toggle/index.tsx","statementMap":{"0":{"start":{"line":4,"column":28},"end":{"line":4,"column":43}},"1":{"start":{"line":5,"column":2},"end":{"line":14,"column":4}},"2":{"start":{"line":8,"column":8},"end":{"line":8,"column":50}},"3":{"start":{"line":8,"column":34},"end":{"line":8,"column":48}}},"fnMap":{"0":{"name":"Toggle","decl":{"start":{"line":3,"column":24},"end":{"line":3,"column":30}},"loc":{"start":{"line":3,"column":33},"end":{"line":15,"column":1}},"line":3},"1":{"name":"(anonymous_1)","decl":{"start":{"line":7,"column":15},"end":{"line":7,"column":16}},"loc":{"start":{"line":7,"column":21},"end":{"line":9,"column":7}},"line":7},"2":{"name":"(anonymous_2)","decl":{"start":{"line":8,"column":17},"end":{"line":8,"column":18}},"loc":{"start":{"line":8,"column":34},"end":{"line":8,"column":48}},"line":8}},"branchMap":{"0":{"loc":{"start":{"line":12,"column":7},"end":{"line":12,"column":46}},"type":"cond-expr","locations":[{"start":{"line":12,"column":24},"end":{"line":12,"column":34}},{"start":{"line":12,"column":37},"end":{"line":12,"column":46}}],"line":12}},"s":{"0":2,"1":2,"2":1,"3":1},"f":{"0":2,"1":1,"2":1},"b":{"0":[1,1]},"_coverageSchema":"1a1c01bbd47fc00a2c39e90264f33305004495a9","hash":"0924b49e3657d41fc06816b1a46a06cde60319c7"}
,"/Users/mryeziqing/Desktop/核盛/单元测试/demo/components/user/index.tsx": {"path":"/Users/mryeziqing/Desktop/核盛/单元测试/demo/components/user/index.tsx","statementMap":{"0":{"start":{"line":13,"column":34},"end":{"line":37,"column":1}},"1":{"start":{"line":14,"column":27},"end":{"line":14,"column":59}},"2":{"start":{"line":17,"column":25},"end":{"line":17,"column":46}},"3":{"start":{"line":18,"column":8},"end":{"line":18,"column":39}},"4":{"start":{"line":21,"column":4},"end":{"line":23,"column":21}},"5":{"start":{"line":22,"column":8},"end":{"line":22,"column":32}},"6":{"start":{"line":25,"column":4},"end":{"line":27,"column":5}},"7":{"start":{"line":26,"column":4},"end":{"line":26,"column":28}},"8":{"start":{"line":29,"column":4},"end":{"line":36,"column":6}}},"fnMap":{"0":{"name":"(anonymous_0)","decl":{"start":{"line":13,"column":34},"end":{"line":13,"column":35}},"loc":{"start":{"line":13,"column":43},"end":{"line":37,"column":1}},"line":13},"1":{"name":"fetchUserData","decl":{"start":{"line":16,"column":19},"end":{"line":16,"column":32}},"loc":{"start":{"line":16,"column":37},"end":{"line":19,"column":5}},"line":16},"2":{"name":"(anonymous_2)","decl":{"start":{"line":21,"column":14},"end":{"line":21,"column":15}},"loc":{"start":{"line":21,"column":20},"end":{"line":23,"column":7}},"line":21}},"branchMap":{"0":{"loc":{"start":{"line":25,"column":4},"end":{"line":27,"column":5}},"type":"if","locations":[{"start":{"line":25,"column":4},"end":{"line":27,"column":5}},{"start":{},"end":{}}],"line":25}},"s":{"0":1,"1":2,"2":1,"3":1,"4":2,"5":1,"6":2,"7":1,"8":1},"f":{"0":2,"1":1,"2":1},"b":{"0":[1,1]},"_coverageSchema":"1a1c01bbd47fc00a2c39e90264f33305004495a9","hash":"90ce227b822df9d11576cb5937553408e2b061c4"}
,"/Users/mryeziqing/Desktop/核盛/单元测试/demo/components/utils/sleep.tsx": {"path":"/Users/mryeziqing/Desktop/核盛/单元测试/demo/components/utils/sleep.tsx","statementMap":{"0":{"start":{"line":1,"column":14},"end":{"line":7,"column":1}},"1":{"start":{"line":2,"column":4},"end":{"line":6,"column":6}},"2":{"start":{"line":3,"column":8},"end":{"line":5,"column":15}},"3":{"start":{"line":4,"column":12},"end":{"line":4,"column":25}}},"fnMap":{"0":{"name":"(anonymous_0)","decl":{"start":{"line":1,"column":14},"end":{"line":1,"column":15}},"loc":{"start":{"line":1,"column":29},"end":{"line":7,"column":1}},"line":1},"1":{"name":"(anonymous_1)","decl":{"start":{"line":2,"column":23},"end":{"line":2,"column":24}},"loc":{"start":{"line":2,"column":34},"end":{"line":6,"column":5}},"line":2},"2":{"name":"(anonymous_2)","decl":{"start":{"line":3,"column":19},"end":{"line":3,"column":20}},"loc":{"start":{"line":3,"column":23},"end":{"line":5,"column":9}},"line":3}},"branchMap":{},"s":{"0":1,"1":2,"2":2,"3":2},"f":{"0":2,"1":2,"2":2},"b":{},"_coverageSchema":"1a1c01bbd47fc00a2c39e90264f33305004495a9","hash":"a183aa83c658a2e8f2876140460c5afd95fbad65"}
,"/Users/mryeziqing/Desktop/核盛/单元测试/demo/components/utils/usePropsValue.tsx": {"path":"/Users/mryeziqing/Desktop/核盛/单元测试/demo/components/utils/usePropsValue.tsx","statementMap":{"0":{"start":{"line":10,"column":30},"end":{"line":10,"column":37}},"1":{"start":{"line":12,"column":17},"end":{"line":12,"column":28}},"2":{"start":{"line":15,"column":21},"end":{"line":15,"column":52}},"3":{"start":{"line":17,"column":19},"end":{"line":17,"column":57}},"4":{"start":{"line":18,"column":2},"end":{"line":20,"column":3}},"5":{"start":{"line":19,"column":4},"end":{"line":19,"column":29}},"6":{"start":{"line":22,"column":19},"end":{"line":31,"column":3}},"7":{"start":{"line":24,"column":6},"end":{"line":27,"column":7}},"8":{"start":{"line":25,"column":8},"end":{"line":25,"column":29}},"9":{"start":{"line":26,"column":8},"end":{"line":26,"column":17}},"10":{"start":{"line":28,"column":6},"end":{"line":28,"column":29}},"11":{"start":{"line":32,"column":2},"end":{"line":32,"column":38}}},"fnMap":{"0":{"name":"usePropsValue","decl":{"start":{"line":9,"column":24},"end":{"line":9,"column":37}},"loc":{"start":{"line":9,"column":67},"end":{"line":33,"column":1}},"line":9},"1":{"name":"(anonymous_1)","decl":{"start":{"line":23,"column":4},"end":{"line":23,"column":5}},"loc":{"start":{"line":23,"column":20},"end":{"line":29,"column":5}},"line":23}},"branchMap":{"0":{"loc":{"start":{"line":17,"column":26},"end":{"line":17,"column":56}},"type":"cond-expr","locations":[{"start":{"line":17,"column":39},"end":{"line":17,"column":44}},{"start":{"line":17,"column":47},"end":{"line":17,"column":56}}],"line":17},"1":{"loc":{"start":{"line":18,"column":2},"end":{"line":20,"column":3}},"type":"if","locations":[{"start":{"line":18,"column":2},"end":{"line":20,"column":3}},{"start":{},"end":{}}],"line":18},"2":{"loc":{"start":{"line":24,"column":6},"end":{"line":27,"column":7}},"type":"if","locations":[{"start":{"line":24,"column":6},"end":{"line":27,"column":7}},{"start":{},"end":{}}],"line":24}},"s":{"0":4,"1":4,"2":4,"3":4,"4":4,"5":2,"6":4,"7":2,"8":1,"9":1,"10":2,"11":4},"f":{"0":4,"1":2},"b":{"0":[2,2],"1":[2,2],"2":[1,1]},"_coverageSchema":"1a1c01bbd47fc00a2c39e90264f33305004495a9","hash":"f9b6b83b61de252b8f4417ce3151106c31c34c73"}
,"/Users/mryeziqing/Desktop/核盛/单元测试/demo/components/utils/useUpdate.tsx": {"path":"/Users/mryeziqing/Desktop/核盛/单元测试/demo/components/utils/useUpdate.tsx","statementMap":{"0":{"start":{"line":3,"column":18},"end":{"line":7,"column":1}},"1":{"start":{"line":4,"column":23},"end":{"line":4,"column":35}},"2":{"start":{"line":6,"column":2},"end":{"line":6,"column":45}},"3":{"start":{"line":6,"column":27},"end":{"line":6,"column":39}}},"fnMap":{"0":{"name":"(anonymous_0)","decl":{"start":{"line":3,"column":18},"end":{"line":3,"column":19}},"loc":{"start":{"line":3,"column":24},"end":{"line":7,"column":1}},"line":3},"1":{"name":"(anonymous_1)","decl":{"start":{"line":6,"column":21},"end":{"line":6,"column":22}},"loc":{"start":{"line":6,"column":27},"end":{"line":6,"column":39}},"line":6}},"branchMap":{},"s":{"0":1,"1":4,"2":4,"3":1},"f":{"0":4,"1":1},"b":{},"_coverageSchema":"1a1c01bbd47fc00a2c39e90264f33305004495a9","hash":"969305daaa93ad5b9b5c92de252c76a79242335b"}
}
