TN:
SF:components/button/index.tsx
FN:11,(anonymous_0)
FN:13,(anonymous_1)
FNF:2
FNH:2
FNDA:6,(anonymous_0)
FNDA:1,(anonymous_1)
DA:11,1
DA:12,6
DA:13,6
DA:14,1
DA:15,1
DA:16,1
DA:18,0
DA:20,1
DA:22,6
DA:23,6
DA:24,3
DA:31,6
LF:12
LH:11
BRDA:23,0,0,3
BRDA:23,0,1,3
BRF:2
BRH:2
end_of_record
TN:
SF:components/text/index.tsx
FN:9,(anonymous_0)
FNF:1
FNH:1
FNDA:1,(anonymous_0)
DA:9,1
DA:10,1
DA:11,1
DA:12,0
DA:14,1
DA:15,1
DA:16,1
DA:17,1
DA:23,0
LF:9
LH:7
BRDA:10,0,0,0
BRDA:11,1,0,0
BRDA:11,1,1,1
BRDA:15,2,0,1
BRDA:15,2,1,0
BRF:5
BRH:2
end_of_record
TN:
SF:components/toggle/index.tsx
FN:3,Toggle
FN:7,(anonymous_1)
FN:8,(anonymous_2)
FNF:3
FNH:3
FNDA:2,Toggle
FNDA:1,(anonymous_1)
FNDA:1,(anonymous_2)
DA:4,2
DA:5,2
DA:8,1
LF:3
LH:3
BRDA:12,0,0,1
BRDA:12,0,1,1
BRF:2
BRH:2
end_of_record
TN:
SF:components/user/index.tsx
FN:13,(anonymous_0)
FN:16,fetchUserData
FN:21,(anonymous_2)
FNF:3
FNH:3
FNDA:2,(anonymous_0)
FNDA:1,fetchUserData
FNDA:1,(anonymous_2)
DA:13,1
DA:14,2
DA:17,1
DA:18,1
DA:21,2
DA:22,1
DA:25,2
DA:26,1
DA:29,1
LF:9
LH:9
BRDA:25,0,0,1
BRDA:25,0,1,1
BRF:2
BRH:2
end_of_record
TN:
SF:components/utils/sleep.tsx
FN:1,(anonymous_0)
FN:2,(anonymous_1)
FN:3,(anonymous_2)
FNF:3
FNH:3
FNDA:2,(anonymous_0)
FNDA:2,(anonymous_1)
FNDA:2,(anonymous_2)
DA:1,1
DA:2,2
DA:3,2
DA:4,2
LF:4
LH:4
BRF:0
BRH:0
end_of_record
TN:
SF:components/utils/usePropsValue.tsx
FN:9,usePropsValue
FN:23,(anonymous_1)
FNF:2
FNH:2
FNDA:4,usePropsValue
FNDA:2,(anonymous_1)
DA:10,4
DA:12,4
DA:15,4
DA:17,4
DA:18,4
DA:19,2
DA:22,4
DA:24,2
DA:25,1
DA:26,1
DA:28,2
DA:32,4
LF:12
LH:12
BRDA:17,0,0,2
BRDA:17,0,1,2
BRDA:18,1,0,2
BRDA:18,1,1,2
BRDA:24,2,0,1
BRDA:24,2,1,1
BRF:6
BRH:6
end_of_record
TN:
SF:components/utils/useUpdate.tsx
FN:3,(anonymous_0)
FN:6,(anonymous_1)
FNF:2
FNH:2
FNDA:4,(anonymous_0)
FNDA:1,(anonymous_1)
DA:3,1
DA:4,4
DA:6,4
LF:3
LH:3
BRF:0
BRH:0
end_of_record
